This file contains any messages produced by compilers while
running configure, to aid debugging if configure makes a mistake.

It was created by FULL-PACKAGE-NAME configure VERSION, which was
generated by GNU Autoconf 2.61.  Invocation command line was

  $ ./configure 

## --------- ##
## Platform. ##
## --------- ##

hostname = Kevins-MacBook-Pro-3.local
uname -m = x86_64
uname -r = 15.6.0
uname -s = Darwin
uname -v = Darwin Kernel Version 15.6.0: Fri Feb 17 10:21:18 PST 2017; root:xnu-3248.60.11.4.1~1/RELEASE_X86_64

/usr/bin/uname -p = i386
/bin/uname -X     = unknown

/bin/arch              = unknown
/usr/bin/arch -k       = unknown
/usr/convex/getsysinfo = unknown
/usr/bin/hostinfo      = Mach kernel version:
	 Darwin Kernel Version 15.6.0: Fri Feb 17 10:21:18 PST 2017; root:xnu-3248.60.11.4.1~1/RELEASE_X86_64
Kernel configured for up to 4 processors.
2 processors are physically available.
4 processors are logically available.
Processor type: i486 (Intel 80486)
Processors active: 0 1 2 3
Primary memory available: 4.00 gigabytes
Default processor set: 205 tasks, 986 threads, 4 processors
Load average: 1.66, Mach factor: 2.32
/bin/machine           = unknown
/usr/bin/oslevel       = unknown
/bin/universe          = unknown

PATH: /Users/kevin/anaconda3/bin
PATH: /usr/bin
PATH: /bin
PATH: /usr/sbin
PATH: /sbin
PATH: /usr/local/bin
PATH: /opt/X11/bin
PATH: /Library/TeX/texbin
PATH: /opt/X11/bin


## ----------- ##
## Core tests. ##
## ----------- ##

configure:1777: checking for a BSD-compatible install
configure:1833: result: /usr/bin/install -c
configure:1844: checking whether build environment is sane
configure:1887: result: yes
configure:1915: checking for a thread-safe mkdir -p
configure:1954: result: ./install-sh -c -d
configure:1967: checking for gawk
configure:1983: found /usr/local/bin/gawk
configure:1994: result: gawk
configure:2005: checking whether make sets $(MAKE)
configure:2026: result: yes
configure:2264: checking for gcc
configure:2280: found /usr/bin/gcc
configure:2291: result: gcc
configure:2529: checking for C compiler version
configure:2536: gcc --version >&5
Configured with: --prefix=/Applications/Xcode.app/Contents/Developer/usr --with-gxx-include-dir=/Applications/Xcode.app/Contents/Developer/Platforms/MacOSX.platform/Developer/SDKs/MacOSX10.12.sdk/usr/include/c++/4.2.1
Apple LLVM version 8.0.0 (clang-800.0.42.1)
Target: x86_64-apple-darwin15.6.0
Thread model: posix
InstalledDir: /Applications/Xcode.app/Contents/Developer/Toolchains/XcodeDefault.xctoolchain/usr/bin
configure:2539: $? = 0
configure:2546: gcc -v >&5
Configured with: --prefix=/Applications/Xcode.app/Contents/Developer/usr --with-gxx-include-dir=/Applications/Xcode.app/Contents/Developer/Platforms/MacOSX.platform/Developer/SDKs/MacOSX10.12.sdk/usr/include/c++/4.2.1
Apple LLVM version 8.0.0 (clang-800.0.42.1)
Target: x86_64-apple-darwin15.6.0
Thread model: posix
InstalledDir: /Applications/Xcode.app/Contents/Developer/Toolchains/XcodeDefault.xctoolchain/usr/bin
configure:2549: $? = 0
configure:2556: gcc -V >&5
clang: error: argument to '-V' is missing (expected 1 value)
clang: error: no input files
configure:2559: $? = 1
configure:2582: checking for C compiler default output file name
configure:2609: gcc    conftest.c  >&5
configure:2612: $? = 0
configure:2650: result: a.out
configure:2667: checking whether the C compiler works
configure:2677: ./a.out
configure:2680: $? = 0
configure:2697: result: yes
configure:2704: checking whether we are cross compiling
configure:2706: result: no
configure:2709: checking for suffix of executables
configure:2716: gcc -o conftest    conftest.c  >&5
configure:2719: $? = 0
configure:2743: result: 
configure:2749: checking for suffix of object files
configure:2775: gcc -c   conftest.c >&5
configure:2778: $? = 0
configure:2801: result: o
configure:2805: checking whether we are using the GNU C compiler
configure:2834: gcc -c   conftest.c >&5
configure:2840: $? = 0
configure:2857: result: yes
configure:2862: checking whether gcc accepts -g
configure:2892: gcc -c -g  conftest.c >&5
configure:2898: $? = 0
configure:2997: result: yes
configure:3014: checking for gcc option to accept ISO C89
configure:3088: gcc  -c -g -O2  conftest.c >&5
configure:3094: $? = 0
configure:3117: result: none needed
configure:3146: checking for style of include used by make
configure:3174: result: GNU
configure:3199: checking dependency style of gcc
configure:3290: result: gcc3
configure:3309: checking for cos in -lm
configure:3344: gcc -o conftest -g -O2   conftest.c -lm   >&5
conftest.c:17:6: warning: incompatible redeclaration of library function 'cos' [-Wincompatible-library-redeclaration]
char cos ();
     ^
conftest.c:17:6: note: 'cos' is a builtin with type 'double (double)'
1 warning generated.
configure:3350: $? = 0
configure:3368: result: yes
configure:3380: checking for cblas_dgemm in -lgslcblas
configure:3415: gcc -o conftest -g -O2   conftest.c -lgslcblas  -lm  >&5
ld: library not found for -lgslcblas
clang: error: linker command failed with exit code 1 (use -v to see invocation)
configure:3421: $? = 1
configure: failed program was:
| /* confdefs.h.  */
| #define PACKAGE_NAME "FULL-PACKAGE-NAME"
| #define PACKAGE_TARNAME "full-package-name"
| #define PACKAGE_VERSION "VERSION"
| #define PACKAGE_STRING "FULL-PACKAGE-NAME VERSION"
| #define PACKAGE_BUGREPORT "BUG-REPORT-ADDRESS"
| #define PACKAGE "full-package-name"
| #define VERSION "VERSION"
| #define HAVE_LIBM 1
| /* end confdefs.h.  */
| 
| /* Override any GCC internal prototype to avoid an error.
|    Use char because int might match the return type of a GCC
|    builtin and then its argument prototype would still apply.  */
| #ifdef __cplusplus
| extern "C"
| #endif
| char cblas_dgemm ();
| int
| main ()
| {
| return cblas_dgemm ();
|   ;
|   return 0;
| }
configure:3439: result: no
configure:3451: checking for gsl_blas_dgemm in -lgsl
configure:3486: gcc -o conftest -g -O2   conftest.c -lgsl  -lm  >&5
ld: library not found for -lgsl
clang: error: linker command failed with exit code 1 (use -v to see invocation)
configure:3492: $? = 1
configure: failed program was:
| /* confdefs.h.  */
| #define PACKAGE_NAME "FULL-PACKAGE-NAME"
| #define PACKAGE_TARNAME "full-package-name"
| #define PACKAGE_VERSION "VERSION"
| #define PACKAGE_STRING "FULL-PACKAGE-NAME VERSION"
| #define PACKAGE_BUGREPORT "BUG-REPORT-ADDRESS"
| #define PACKAGE "full-package-name"
| #define VERSION "VERSION"
| #define HAVE_LIBM 1
| /* end confdefs.h.  */
| 
| /* Override any GCC internal prototype to avoid an error.
|    Use char because int might match the return type of a GCC
|    builtin and then its argument prototype would still apply.  */
| #ifdef __cplusplus
| extern "C"
| #endif
| char gsl_blas_dgemm ();
| int
| main ()
| {
| return gsl_blas_dgemm ();
|   ;
|   return 0;
| }
configure:3510: result: no
configure:3528: checking how to run the C preprocessor
configure:3568: gcc -E  conftest.c
configure:3574: $? = 0
configure:3605: gcc -E  conftest.c
conftest.c:11:10: fatal error: 'ac_nonexistent.h' file not found
#include <ac_nonexistent.h>
         ^
1 error generated.
configure:3611: $? = 1
configure: failed program was:
| /* confdefs.h.  */
| #define PACKAGE_NAME "FULL-PACKAGE-NAME"
| #define PACKAGE_TARNAME "full-package-name"
| #define PACKAGE_VERSION "VERSION"
| #define PACKAGE_STRING "FULL-PACKAGE-NAME VERSION"
| #define PACKAGE_BUGREPORT "BUG-REPORT-ADDRESS"
| #define PACKAGE "full-package-name"
| #define VERSION "VERSION"
| #define HAVE_LIBM 1
| /* end confdefs.h.  */
| #include <ac_nonexistent.h>
configure:3644: result: gcc -E
configure:3673: gcc -E  conftest.c
configure:3679: $? = 0
configure:3710: gcc -E  conftest.c
conftest.c:11:10: fatal error: 'ac_nonexistent.h' file not found
#include <ac_nonexistent.h>
         ^
1 error generated.
configure:3716: $? = 1
configure: failed program was:
| /* confdefs.h.  */
| #define PACKAGE_NAME "FULL-PACKAGE-NAME"
| #define PACKAGE_TARNAME "full-package-name"
| #define PACKAGE_VERSION "VERSION"
| #define PACKAGE_STRING "FULL-PACKAGE-NAME VERSION"
| #define PACKAGE_BUGREPORT "BUG-REPORT-ADDRESS"
| #define PACKAGE "full-package-name"
| #define VERSION "VERSION"
| #define HAVE_LIBM 1
| /* end confdefs.h.  */
| #include <ac_nonexistent.h>
configure:3754: checking for grep that handles long lines and -e
configure:3828: result: /usr/bin/grep
configure:3833: checking for egrep
configure:3911: result: /usr/bin/grep -E
configure:3916: checking for ANSI C header files
configure:3946: gcc -c -g -O2  conftest.c >&5
configure:3952: $? = 0
configure:4051: gcc -o conftest -g -O2   conftest.c -lm  >&5
configure:4054: $? = 0
configure:4060: ./conftest
configure:4063: $? = 0
configure:4080: result: yes
configure:4104: checking for sys/types.h
configure:4125: gcc -c -g -O2  conftest.c >&5
configure:4131: $? = 0
configure:4147: result: yes
configure:4104: checking for sys/stat.h
configure:4125: gcc -c -g -O2  conftest.c >&5
configure:4131: $? = 0
configure:4147: result: yes
configure:4104: checking for stdlib.h
configure:4125: gcc -c -g -O2  conftest.c >&5
configure:4131: $? = 0
configure:4147: result: yes
configure:4104: checking for string.h
configure:4125: gcc -c -g -O2  conftest.c >&5
configure:4131: $? = 0
configure:4147: result: yes
configure:4104: checking for memory.h
configure:4125: gcc -c -g -O2  conftest.c >&5
configure:4131: $? = 0
configure:4147: result: yes
configure:4104: checking for strings.h
configure:4125: gcc -c -g -O2  conftest.c >&5
configure:4131: $? = 0
configure:4147: result: yes
configure:4104: checking for inttypes.h
configure:4125: gcc -c -g -O2  conftest.c >&5
configure:4131: $? = 0
configure:4147: result: yes
configure:4104: checking for stdint.h
configure:4125: gcc -c -g -O2  conftest.c >&5
configure:4131: $? = 0
configure:4147: result: yes
configure:4104: checking for unistd.h
configure:4125: gcc -c -g -O2  conftest.c >&5
configure:4131: $? = 0
configure:4147: result: yes
configure:4164: checking for stdlib.h
configure:4170: result: yes
configure:4306: checking for an ANSI C-conforming const
configure:4381: gcc -c -g -O2  conftest.c >&5
configure:4387: $? = 0
configure:4402: result: yes
configure:4419: checking for stdlib.h
configure:4425: result: yes
configure:4559: checking for GNU libc compatible malloc
configure:4593: gcc -o conftest -g -O2   conftest.c -lm  >&5
configure:4596: $? = 0
configure:4602: ./conftest
configure:4605: $? = 0
configure:4621: result: yes
configure:4654: checking for stdlib.h
configure:4660: result: yes
configure:4794: checking for GNU libc compatible realloc
configure:4828: gcc -o conftest -g -O2   conftest.c -lm  >&5
configure:4831: $? = 0
configure:4837: ./conftest
configure:4840: $? = 0
configure:4856: result: yes
configure:4889: checking for pow
configure:4945: gcc -o conftest -g -O2   conftest.c -lm  >&5
conftest.c:49:6: warning: incompatible redeclaration of library function 'pow' [-Wincompatible-library-redeclaration]
char pow ();
     ^
conftest.c:49:6: note: 'pow' is a builtin with type 'double (double, double)'
1 warning generated.
configure:4951: $? = 0
configure:4969: result: yes
configure:4889: checking for sqrt
configure:4945: gcc -o conftest -g -O2   conftest.c -lm  >&5
conftest.c:50:6: warning: incompatible redeclaration of library function 'sqrt' [-Wincompatible-library-redeclaration]
char sqrt ();
     ^
conftest.c:50:6: note: 'sqrt' is a builtin with type 'double (double)'
1 warning generated.
configure:4951: $? = 0
configure:4969: result: yes
configure:5096: creating ./config.status

## ---------------------- ##
## Running config.status. ##
## ---------------------- ##

This file was extended by FULL-PACKAGE-NAME config.status VERSION, which was
generated by GNU Autoconf 2.61.  Invocation command line was

  CONFIG_FILES    = 
  CONFIG_HEADERS  = 
  CONFIG_LINKS    = 
  CONFIG_COMMANDS = 
  $ ./config.status 

on Kevins-MacBook-Pro-3.local

config.status:634: creating Makefile
config.status:913: executing depfiles commands

## ---------------- ##
## Cache variables. ##
## ---------------- ##

ac_cv_c_compiler_gnu=yes
ac_cv_c_const=yes
ac_cv_env_CC_set=
ac_cv_env_CC_value=
ac_cv_env_CFLAGS_set=
ac_cv_env_CFLAGS_value=
ac_cv_env_CPPFLAGS_set=
ac_cv_env_CPPFLAGS_value=
ac_cv_env_CPP_set=
ac_cv_env_CPP_value=
ac_cv_env_LDFLAGS_set=
ac_cv_env_LDFLAGS_value=
ac_cv_env_LIBS_set=
ac_cv_env_LIBS_value=
ac_cv_env_build_alias_set=
ac_cv_env_build_alias_value=
ac_cv_env_host_alias_set=
ac_cv_env_host_alias_value=
ac_cv_env_target_alias_set=
ac_cv_env_target_alias_value=
ac_cv_func_malloc_0_nonnull=yes
ac_cv_func_pow=yes
ac_cv_func_realloc_0_nonnull=yes
ac_cv_func_sqrt=yes
ac_cv_header_inttypes_h=yes
ac_cv_header_memory_h=yes
ac_cv_header_stdc=yes
ac_cv_header_stdint_h=yes
ac_cv_header_stdlib_h=yes
ac_cv_header_string_h=yes
ac_cv_header_strings_h=yes
ac_cv_header_sys_stat_h=yes
ac_cv_header_sys_types_h=yes
ac_cv_header_unistd_h=yes
ac_cv_lib_gsl_gsl_blas_dgemm=no
ac_cv_lib_gslcblas_cblas_dgemm=no
ac_cv_lib_m_cos=yes
ac_cv_objext=o
ac_cv_path_EGREP='/usr/bin/grep -E'
ac_cv_path_GREP=/usr/bin/grep
ac_cv_path_install='/usr/bin/install -c'
ac_cv_prog_AWK=gawk
ac_cv_prog_CPP='gcc -E'
ac_cv_prog_ac_ct_CC=gcc
ac_cv_prog_cc_c89=
ac_cv_prog_cc_g=yes
ac_cv_prog_make_make_set=yes
am_cv_CC_dependencies_compiler_type=gcc3

## ----------------- ##
## Output variables. ##
## ----------------- ##

ACLOCAL='${SHELL} /Users/kevin/cellmech_sims/heart_project/missing --run aclocal-1.10'
AMDEPBACKSLASH='\'
AMDEP_FALSE='#'
AMDEP_TRUE=''
AMTAR='${SHELL} /Users/kevin/cellmech_sims/heart_project/missing --run tar'
AUTOCONF='${SHELL} /Users/kevin/cellmech_sims/heart_project/missing --run autoconf'
AUTOHEADER='${SHELL} /Users/kevin/cellmech_sims/heart_project/missing --run autoheader'
AUTOMAKE='${SHELL} /Users/kevin/cellmech_sims/heart_project/missing --run automake-1.10'
AWK='gawk'
CC='gcc'
CCDEPMODE='depmode=gcc3'
CFLAGS='-g -O2'
CPP='gcc -E'
CPPFLAGS=''
CYGPATH_W='echo'
DEFS='-DHAVE_CONFIG_H'
DEPDIR='.deps'
ECHO_C='ECHO_N=''
ECHO_T=''
EGREP='/usr/bin/grep -E'
EXEEXT=''
GREP='/usr/bin/grep'
INSTALL_DATA='${INSTALL} -m 644'
INSTALL_PROGRAM='${INSTALL}'
INSTALL_SCRIPT='${INSTALL}'
INSTALL_STRIP_PROGRAM='$(install_sh) -c -s'
LDFLAGS=''
LIBOBJS=''
LIBS='-lm '
LTLIBOBJS=''
MAKEINFO='${SHELL} /Users/kevin/cellmech_sims/heart_project/missing --run makeinfo'
OBJEXT='o'
PACKAGE='full-package-name'
PACKAGE_BUGREPORT='BUG-REPORT-ADDRESS'
PACKAGE_NAME='FULL-PACKAGE-NAME'
PACKAGE_STRING='FULL-PACKAGE-NAME VERSION'
PACKAGE_TARNAME='full-package-name'
PACKAGE_VERSION='VERSION'
PATH_SEPARATOR=':'
SET_MAKE=''
SHELL='/bin/sh'
STRIP=''
VERSION='VERSION'
ac_ct_CC='gcc'
am__fastdepCC_FALSE='#'
am__fastdepCC_TRUE=''
am__include='include'
am__isrc=''
am__leading_dot='.'
am__quote=''
am__tar='${AMTAR} chof - "$$tardir"'
am__untar='${AMTAR} xf -'
bindir='${exec_prefix}/bin'
build_alias=''
datadir='${datarootdir}'
datarootdir='${prefix}/share'
docdir='${datarootdir}/doc/${PACKAGE_TARNAME}'
dvidir='${docdir}'
exec_prefix='${prefix}'
host_alias=''
htmldir='${docdir}'
includedir='${prefix}/include'
infodir='${datarootdir}/info'
install_sh='$(SHELL) /Users/kevin/cellmech_sims/heart_project/install-sh'
libdir='${exec_prefix}/lib'
libexecdir='${exec_prefix}/libexec'
localedir='${datarootdir}/locale'
localstatedir='${prefix}/var'
mandir='${datarootdir}/man'
mkdir_p='$(top_builddir)/./install-sh -c -d'
oldincludedir='/usr/include'
pdfdir='${docdir}'
prefix='/usr/local'
program_transform_name='s,x,x,'
psdir='${docdir}'
sbindir='${exec_prefix}/sbin'
sharedstatedir='${prefix}/com'
sysconfdir='${prefix}/etc'
target_alias=''

## ----------- ##
## confdefs.h. ##
## ----------- ##

#define PACKAGE_NAME "FULL-PACKAGE-NAME"
#define PACKAGE_TARNAME "full-package-name"
#define PACKAGE_VERSION "VERSION"
#define PACKAGE_STRING "FULL-PACKAGE-NAME VERSION"
#define PACKAGE_BUGREPORT "BUG-REPORT-ADDRESS"
#define PACKAGE "full-package-name"
#define VERSION "VERSION"
#define HAVE_LIBM 1
#define STDC_HEADERS 1
#define HAVE_SYS_TYPES_H 1
#define HAVE_SYS_STAT_H 1
#define HAVE_STDLIB_H 1
#define HAVE_STRING_H 1
#define HAVE_MEMORY_H 1
#define HAVE_STRINGS_H 1
#define HAVE_INTTYPES_H 1
#define HAVE_STDINT_H 1
#define HAVE_UNISTD_H 1
#define HAVE_STDLIB_H 1
#define HAVE_STDLIB_H 1
#define HAVE_MALLOC 1
#define HAVE_STDLIB_H 1
#define HAVE_REALLOC 1
#define HAVE_POW 1
#define HAVE_SQRT 1

configure: exit 0
